<?xml version="1.0" encoding="UTF-8"?>
<!-- Generated by org.testng.reporters.JUnitReportReporter -->
<testsuite hostname="Arpo-PC" name="com.guru99.Tests.UI_Tests.BalanceEnquiry_Form" tests="2" failures="0" timestamp="1 Apr 2016 16:35:59 GMT" time="7.724" errors="0">
  <testcase name="T30" time="4.570" classname="com.guru99.Tests.UI_Tests.BalanceEnquiry_Form"/>
  <testcase name="T31" time="3.154" classname="com.guru99.Tests.UI_Tests.BalanceEnquiry_Form"/>
</testsuite> <!-- com.guru99.Tests.UI_Tests.BalanceEnquiry_Form -->
