<?xml version="1.0" encoding="UTF-8"?>
<!-- Generated by org.testng.reporters.JUnitReportReporter -->
<testsuite hostname="Win7x64-AA1" name="com.guru99.Tests.SampleTest" tests="1" failures="0" timestamp="29 Mar 2016 09:23:43 GMT" time="16.521" errors="0">
  <testcase name="F1" time="16.521" classname="com.guru99.Tests.SampleTest"/>
</testsuite> <!-- com.guru99.Tests.SampleTest -->
