<?xml version="1.0" encoding="UTF-8"?>
<!-- Generated by org.testng.reporters.JUnitReportReporter -->
<testsuite hostname="Win7x64-AA1" name="com.guru99.Tests.UI_Tests.Login_Form" tests="1" failures="0" timestamp="1 Apr 2016 13:33:59 GMT" time="4.693" errors="0">
  <testcase name="T92" time="4.693" classname="com.guru99.Tests.UI_Tests.Login_Form"/>
</testsuite> <!-- com.guru99.Tests.UI_Tests.Login_Form -->
